<?xml version="1.0" encoding="UTF-8"?>
<testng-results skipped="0" failed="0" ignored="0" total="1" passed="1">
  <reporter-output>
  </reporter-output>
  <suite name="Android Run" duration-ms="12153" started-at="2022-09-14T07:31:19 IST" finished-at="2022-09-14T07:31:31 IST">
    <groups>
    </groups>
    <test name="GoogleMaps" duration-ms="12153" started-at="2022-09-14T07:31:19 IST" finished-at="2022-09-14T07:31:31 IST">
      <class name="com.googlemaps.Tests.SearchTest">
        <test-method status="PASS" signature="dataSetup1()[pri:0, instance:com.googlemaps.Tests.SearchTest@700fb871]" name="dataSetup1" is-config="true" duration-ms="16" started-at="2022-09-14T07:31:19 IST" finished-at="2022-09-14T07:31:19 IST">
          <reporter-output>
          </reporter-output>
        </test-method> <!-- dataSetup1 -->
        <test-method status="PASS" signature="driverSetup(java.lang.String, java.lang.String, java.lang.String, java.lang.String, java.lang.String, java.lang.String)[pri:0, instance:com.googlemaps.Tests.SearchTest@700fb871]" name="driverSetup" is-config="true" duration-ms="7802" started-at="2022-09-14T07:31:19 IST" finished-at="2022-09-14T07:31:27 IST">
          <params>
            <param index="0">
              <value>
                <![CDATA[android]]>
              </value>
            </param>
            <param index="1">
              <value is-null="true"/>
            </param>
            <param index="2">
              <value>
                <![CDATA[com.google.android.apps.maps]]>
              </value>
            </param>
            <param index="3">
              <value>
                <![CDATA[com.google.android.maps.MapsActivity]]>
              </value>
            </param>
            <param index="4">
              <value>
                <![CDATA[127.0.0.1:4723]]>
              </value>
            </param>
            <param index="5">
              <value is-null="true"/>
            </param>
          </params>
          <reporter-output>
          </reporter-output>
        </test-method> <!-- driverSetup -->
        <test-method status="PASS" signature="startApp()[pri:0, instance:com.googlemaps.Tests.SearchTest@700fb871]" name="startApp" is-config="true" duration-ms="1" started-at="2022-09-14T07:31:27 IST" finished-at="2022-09-14T07:31:27 IST">
          <reporter-output>
          </reporter-output>
        </test-method> <!-- startApp -->
        <test-method status="PASS" signature="searchPlace()[pri:0, instance:com.googlemaps.Tests.SearchTest@700fb871]" name="searchPlace" duration-ms="4280" started-at="2022-09-14T07:31:27 IST" finished-at="2022-09-14T07:31:31 IST">
          <reporter-output>
          </reporter-output>
        </test-method> <!-- searchPlace -->
        <test-method status="PASS" signature="terminate()[pri:0, instance:com.googlemaps.Tests.SearchTest@700fb871]" name="terminate" is-config="true" duration-ms="1" started-at="2022-09-14T07:31:32 IST" finished-at="2022-09-14T07:31:32 IST">
          <reporter-output>
          </reporter-output>
        </test-method> <!-- terminate -->
      </class> <!-- com.googlemaps.Tests.SearchTest -->
    </test> <!-- GoogleMaps -->
  </suite> <!-- Android Run -->
</testng-results>
