<?xml version="1.0" encoding="UTF-8"?>
<!-- Generated by org.testng.reporters.JUnitXMLReporter -->
<testsuite hostname="FDLMC2114" ignored="0" name="GoogleMaps" tests="1" failures="1" timestamp="2022-09-14T08:14:02 IST" time="96.985" errors="0">
  <testcase name="searchPlace" time="88.427" classname="com.googlemaps.Tests.SearchTest">
    <failure type="java.lang.AssertionError" message="expected [false] but found [true]">
      <![CDATA[java.lang.AssertionError: expected [false] but found [true]
at com.googlemaps.Tests.SearchTest.searchPlace(SearchTest.java:55)
at java.util.ArrayList.forEach(ArrayList.java:1259)
... Removed 31 stack frames]]>
    </failure>
  </testcase> <!-- searchPlace -->
</testsuite> <!-- GoogleMaps -->
