<?xml version="1.0" encoding="UTF-8"?>
<!-- Generated by org.testng.reporters.JUnitXMLReporter -->
<testsuite ignored="0" hostname="FDLMC2114" failures="0" tests="1" name="GoogleMaps(failed)" time="0.047" errors="0" timestamp="2022-09-12T07:19:39 IST">
  <testcase classname="com.googlemaps.Tests.SearchTest" name="@BeforeMethod startApp" time="0.0">
    <failure type="java.lang.NullPointerException" message="Cannot invoke &amp;quot;io.appium.java_client.AppiumDriver.launchApp()&amp;quot; because &amp;quot;com.googlemaps.appframe.BaseTest.driver&amp;quot; is null">
      <![CDATA[java.lang.NullPointerException: Cannot invoke "io.appium.java_client.AppiumDriver.launchApp()" because "com.googlemaps.appframe.BaseTest.driver" is null
at com.googlemaps.appframe.BaseTest.launchApp(BaseTest.java:37)
at com.googlemaps.Tests.SearchTest.startApp(SearchTest.java:27)
at java.base/java.util.ArrayList.forEach(ArrayList.java:1511)
... Removed 29 stack frames]]>
    </failure>
  </testcase> <!-- @BeforeMethod startApp -->
  <testcase classname="com.googlemaps.Tests.SearchTest" name="searchPlace" time="0.0">
    <skipped/>
  </testcase> <!-- searchPlace -->
</testsuite> <!-- GoogleMaps(failed) -->
